<?xml version="1.0" encoding="UTF-8"?>
<!-- Generated by org.testng.reporters.JUnitReportReporter -->
<testsuite skipped="0" hostname="DESKTOP-UMU6LBG" name="test_browser.NewTest" tests="1" failures="0" timestamp="09 Jun 2019 21:56:29 GMT" time="0.010" errors="0">
  <testcase name="f" time="0.010" classname="test_browser.NewTest"/>
</testsuite> <!-- test_browser.NewTest -->
