<?xml version="1.0" encoding="UTF-8"?>
<!-- Generated by org.testng.reporters.JUnitReportReporter -->
<testsuite skipped="0" hostname="DESKTOP-UMU6LBG" name="xml.com.RunXml" tests="1" failures="0" timestamp="10 Jun 2019 03:51:35 GMT" time="0.008" errors="0">
  <testcase name="what" time="0.008" classname="xml.com.RunXml"/>
</testsuite> <!-- xml.com.RunXml -->
