<?xml version="1.0" encoding="UTF-8"?>
<!-- Generated by org.testng.reporters.JUnitReportReporter -->
<testsuite skipped="0" hostname="DESKTOP-UMU6LBG" name="test_browser.NewTest_dataProvider" tests="6" failures="0" timestamp="11 Jun 2019 23:58:39 GMT" time="1.527" errors="0">
  <testcase name="f" time="0.299" classname="test_browser.NewTest_dataProvider"/>
  <testcase name="f" time="0.277" classname="test_browser.NewTest_dataProvider"/>
  <testcase name="f" time="0.305" classname="test_browser.NewTest_dataProvider"/>
  <testcase name="f" time="0.210" classname="test_browser.NewTest_dataProvider"/>
  <testcase name="f" time="0.235" classname="test_browser.NewTest_dataProvider"/>
  <testcase name="f" time="0.201" classname="test_browser.NewTest_dataProvider"/>
</testsuite> <!-- test_browser.NewTest_dataProvider -->
