<?xml version="1.0" encoding="UTF-8"?>
<!-- Generated by org.testng.reporters.JUnitReportReporter -->
<testsuite skipped="0" hostname="DESKTOP-UMU6LBG" name="test_browser.NewTest_scripte" tests="1" failures="0" timestamp="10 Jun 2019 01:55:30 GMT" time="6.630" errors="0">
  <testcase name="f" time="6.630" classname="test_browser.NewTest_scripte"/>
</testsuite> <!-- test_browser.NewTest_scripte -->
